[debug] [2025-01-11T09:44:17.291Z] ----------------------------------------------------------------------
[debug] [2025-01-11T09:44:17.293Z] Command:       /Users/kasraariyaeimehr/.nvm/versions/node/v20.11.0/bin/node /Users/kasraariyaeimehr/.nvm/versions/node/v20.11.0/bin/firebase init
[debug] [2025-01-11T09:44:17.293Z] CLI Version:   13.29.1
[debug] [2025-01-11T09:44:17.293Z] Platform:      darwin
[debug] [2025-01-11T09:44:17.293Z] Node Version:  v20.11.0
[debug] [2025-01-11T09:44:17.293Z] Time:          Sat Jan 11 2025 11:44:17 GMT+0200 (Eastern European Standard Time)
[debug] [2025-01-11T09:44:17.293Z] ----------------------------------------------------------------------
[debug] 
[debug] [2025-01-11T09:44:17.296Z] > command requires scopes: ["email","openid","https://www.googleapis.com/auth/cloudplatformprojects.readonly","https://www.googleapis.com/auth/firebase","https://www.googleapis.com/auth/cloud-platform"]
[debug] [2025-01-11T09:44:17.296Z] > authorizing via signed-in user (kasraariyaeimehr@gmail.com)
[info] 
     ######## #### ########  ######## ########     ###     ######  ########
     ##        ##  ##     ## ##       ##     ##  ##   ##  ##       ##
     ######    ##  ########  ######   ########  #########  ######  ######
     ##        ##  ##    ##  ##       ##     ## ##     ##       ## ##
     ##       #### ##     ## ######## ########  ##     ##  ######  ########

You're about to initialize a Firebase project in this directory:

  /Users/kasraariyaeimehr/demo

[info] 
=== Project Setup
[info] 
[info] First, let's associate this project directory with a Firebase project.
[info] You can create multiple project aliases by running firebase use --add, 
[info] but for now we'll just set up a default project.
[info] 
[debug] [2025-01-11T09:46:09.794Z] Checked if tokens are valid: true, expires at: 1736592240197
[debug] [2025-01-11T09:46:09.794Z] Checked if tokens are valid: true, expires at: 1736592240197
[debug] [2025-01-11T09:46:09.796Z] >>> [apiv2][query] GET https://firebase.googleapis.com/v1beta1/projects pageSize=100
[debug] [2025-01-11T09:46:10.379Z] <<< [apiv2][status] GET https://firebase.googleapis.com/v1beta1/projects 200
[debug] [2025-01-11T09:46:10.380Z] <<< [apiv2][body] GET https://firebase.googleapis.com/v1beta1/projects [omitted]
[info] i  Using project demo2025-c9777 (demo2025) 
[info] 
=== Hosting Setup
[debug] [2025-01-11T09:46:16.044Z] Checked if tokens are valid: true, expires at: 1736592240197
[debug] [2025-01-11T09:46:16.044Z] Checked if tokens are valid: true, expires at: 1736592240197
[debug] [2025-01-11T09:46:16.044Z] >>> [apiv2][query] GET https://firebase.googleapis.com/v1beta1/projects/demo2025-c9777 [none]
[debug] [2025-01-11T09:46:16.291Z] <<< [apiv2][status] GET https://firebase.googleapis.com/v1beta1/projects/demo2025-c9777 200
[debug] [2025-01-11T09:46:16.292Z] <<< [apiv2][body] GET https://firebase.googleapis.com/v1beta1/projects/demo2025-c9777 {"projectId":"demo2025-c9777","projectNumber":"386417612847","displayName":"demo2025","name":"projects/demo2025-c9777","resources":{"hostingSite":"demo2025-c9777"},"state":"ACTIVE","etag":"1_6d27737c-ea9f-4745-b5ab-9daa56c7b936"}
[info] 
[info] Your public directory is the folder (relative to your project directory) that
[info] will contain Hosting assets to be uploaded with firebase deploy. If you
[info] have a build process for your assets, use your build's output directory.
[info] 
[info] ✔  Wrote public/404.html 
[debug] [2025-01-11T09:48:49.850Z] >>> [apiv2][query] GET https://www.gstatic.com/firebasejs/releases.json [none]
[debug] [2025-01-11T09:48:49.901Z] <<< [apiv2][status] GET https://www.gstatic.com/firebasejs/releases.json 200
[debug] [2025-01-11T09:48:49.901Z] <<< [apiv2][body] GET https://www.gstatic.com/firebasejs/releases.json {"current":{"version":"11.1.0","browserURL":"https://www.gstatic.com/firebasejs/11.1.0/firebase.js","packageURL":"https://www.gstatic.com/firebasejs/11.1.0/firebase.tgz"},"live":{"version":"11.1","browserURL":"https://www.gstatic.com/firebasejs/live/11.1/firebase.js","packageURL":"https://www.gstatic.com/firebasejs/live/11.1/firebase.tgz"},"components":{"analytics":"https://www.gstatic.com/firebasejs/11.1.0/firebase-analytics.js","app":"https://www.gstatic.com/firebasejs/11.1.0/firebase-app.js","app-check":"https://www.gstatic.com/firebasejs/11.1.0/firebase-app-check.js","auth":"https://www.gstatic.com/firebasejs/11.1.0/firebase-auth.js","auth/cordova":"https://www.gstatic.com/firebasejs/11.1.0/firebase-auth/cordova.js","auth/web-extension":"https://www.gstatic.com/firebasejs/11.1.0/firebase-auth/web-extension.js","functions":"https://www.gstatic.com/firebasejs/11.1.0/firebase-functions.js","firestore":"https://www.gstatic.com/firebasejs/11.1.0/firebase-firestore.js","firestore/lite":"https://www.gstatic.com/firebasejs/11.1.0/firebase-firestore/lite.js","installations":"https://www.gstatic.com/firebasejs/11.1.0/firebase-installations.js","storage":"https://www.gstatic.com/firebasejs/11.1.0/firebase-storage.js","performance":"https://www.gstatic.com/firebasejs/11.1.0/firebase-performance.js","remote-config":"https://www.gstatic.com/firebasejs/11.1.0/firebase-remote-config.js","messaging":"https://www.gstatic.com/firebasejs/11.1.0/firebase-messaging.js","messaging/sw":"https://www.gstatic.com/firebasejs/11.1.0/firebase-messaging/sw.js","database":"https://www.gstatic.com/firebasejs/11.1.0/firebase-database.js","vertexai":"https://www.gstatic.com/firebasejs/11.1.0/firebase-vertexai.js","data-connect":"https://www.gstatic.com/firebasejs/11.1.0/firebase-data-connect.js","firestore.memory":"https://www.gstatic.com/firebasejs/11.1.0/firebase-firestore.memory.js"}}
[info] i  Skipping write of public/index.html 
[info] 
[info] i  Detected a .git folder at /Users/kasraariyaeimehr/demo 
[info] i  Authorizing with GitHub to upload your service account to a GitHub repository's secrets store. 
[info] 
[info] Visit this URL on this device to log in:
[info] https://github.com/login/oauth/authorize?client_id=89cf50f02ac6aaed3484&state=1038235477&redirect_uri=http%3A%2F%2Flocalhost%3A9005&scope=read%3Auser%20repo%20public_repo
[info] 
[info] Waiting for authentication...
[debug] [2025-01-11T09:49:32.835Z] >>> [apiv2][query] POST https://github.com/login/oauth/access_token [none]
[debug] [2025-01-11T09:49:32.835Z] >>> [apiv2][body] POST https://github.com/login/oauth/access_token [stream]
[debug] [2025-01-11T09:49:33.159Z] <<< [apiv2][status] POST https://github.com/login/oauth/access_token 200
[debug] [2025-01-11T09:49:33.159Z] <<< [apiv2][body] POST https://github.com/login/oauth/access_token {"access_token":"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","token_type":"bearer","scope":"read:user,repo"}
[debug] [2025-01-11T09:49:33.166Z] >>> [apiv2][query] GET https://api.github.com/user [none]
[debug] [2025-01-11T09:49:33.467Z] <<< [apiv2][status] GET https://api.github.com/user 200
[debug] [2025-01-11T09:49:33.468Z] <<< [apiv2][body] GET https://api.github.com/user {"login":"kasari-devs","id":74990255,"node_id":"MDQ6VXNlcjc0OTkwMjU1","avatar_url":"https://avatars.githubusercontent.com/u/74990255?v=4","gravatar_id":"","url":"https://api.github.com/users/kasari-devs","html_url":"https://github.com/kasari-devs","followers_url":"https://api.github.com/users/kasari-devs/followers","following_url":"https://api.github.com/users/kasari-devs/following{/other_user}","gists_url":"https://api.github.com/users/kasari-devs/gists{/gist_id}","starred_url":"https://api.github.com/users/kasari-devs/starred{/owner}{/repo}","subscriptions_url":"https://api.github.com/users/kasari-devs/subscriptions","organizations_url":"https://api.github.com/users/kasari-devs/orgs","repos_url":"https://api.github.com/users/kasari-devs/repos","events_url":"https://api.github.com/users/kasari-devs/events{/privacy}","received_events_url":"https://api.github.com/users/kasari-devs/received_events","type":"User","user_view_type":"private","site_admin":false,"name":null,"company":null,"blog":"","location":null,"email":null,"hireable":null,"bio":null,"twitter_username":null,"notification_email":null,"public_repos":11,"public_gists":0,"followers":0,"following":0,"created_at":"2020-11-24T20:55:50Z","updated_at":"2024-05-30T20:52:24Z","private_gists":0,"total_private_repos":6,"owned_private_repos":6,"disk_usage":4259,"collaborators":0,"two_factor_authentication":false,"plan":{"name":"free","space":976562499,"collaborators":0,"private_repos":10000}}
[info] 
[info] ✔  Success! Logged into GitHub as kasari-devs 
[info] 
